{"contracts/NFT.sol":{"l":{"67":48,"68":48,"70":48,"71":48,"82":142,"83":142,"85":142,"88":141,"91":140,"92":133,"95":133,"96":110,"100":133,"102":133,"103":16,"107":131,"108":37,"111":34,"117":128,"118":128,"123":128,"128":128,"130":128,"131":0,"137":128,"140":128,"141":8,"149":7,"151":7,"152":6,"155":7,"157":6,"158":5,"166":135,"168":135,"169":172,"178":172,"181":171,"182":171,"183":171,"186":171,"193":171,"205":171,"206":107,"210":64,"211":953,"212":35,"217":29,"218":633,"219":29,"223":0,"224":0,"231":1757,"238":128,"245":275,"246":223,"249":52,"256":138,"257":118,"260":20,"261":15,"264":5,"266":5,"267":0,"270":5,"277":1,"278":1,"280":1,"281":12,"284":1,"291":55,"293":55,"300":9,"302":9,"304":9,"305":2,"313":64,"314":64,"315":64,"318":64,"319":4,"331":128,"338":128,"339":128,"350":0,"357":172,"358":172,"369":1,"376":42,"383":9,"390":0,"398":3,"409":0,"416":0,"423":0,"430":48,"439":48,"450":2,"457":0,"464":0,"471":209,"478":13,"485":74,"492":2,"499":153,"510":2},"path":"/Users/inmarelibero/www/nft-demo/contracts/NFT.sol","s":{"1":48,"2":48,"3":48,"4":48,"5":142,"6":142,"7":142,"8":141,"9":140,"10":133,"11":133,"12":110,"13":133,"14":133,"15":16,"16":131,"17":37,"18":34,"19":128,"20":128,"21":128,"22":128,"23":128,"24":0,"25":128,"26":128,"27":8,"28":7,"29":7,"30":6,"31":7,"32":6,"33":5,"34":135,"35":135,"36":172,"37":172,"38":171,"39":171,"40":171,"41":171,"42":171,"43":107,"44":64,"45":953,"46":35,"47":29,"48":633,"49":29,"50":0,"51":0,"52":1757,"53":128,"54":275,"55":223,"56":52,"57":138,"58":118,"59":20,"60":15,"61":5,"62":5,"63":0,"64":5,"65":1,"66":1,"67":1,"68":12,"69":1,"70":55,"71":55,"72":9,"73":9,"74":9,"75":2,"76":64,"77":64,"78":64,"79":64,"80":4,"81":128,"82":128,"83":128,"84":0,"85":172,"86":1,"87":42,"88":9,"89":0,"90":3,"91":0,"92":0,"93":0,"94":48,"95":48,"96":2,"97":0,"98":0,"99":209,"100":13,"101":74,"102":2,"103":153,"104":2},"b":{"1":[141,1],"2":[140,1],"3":[133,7],"4":[133,0],"5":[110,23],"6":[110,0],"7":[16,117],"8":[14,2],"9":[37,94],"10":[34,3],"11":[128,0],"12":[0,128],"13":[8,120],"14":[6,1],"15":[5,1],"16":[135,0],"17":[171,1],"18":[107,64],"19":[35,918],"20":[29,604],"21":[0,0],"22":[223,52],"23":[118,20],"24":[15,5],"25":[0,5],"26":[2,7],"27":[4,60],"28":[128,0],"29":[172,0]},"f":{"1":48,"2":142,"3":7,"4":135,"5":172,"6":171,"7":1757,"8":128,"9":275,"10":138,"11":1,"12":55,"13":9,"14":64,"15":128,"16":128,"17":0,"18":172,"19":1,"20":42,"21":9,"22":0,"23":3,"24":0,"25":0,"26":0,"27":48,"28":48,"29":2,"30":0,"31":0,"32":209,"33":13,"34":74,"35":2,"36":153,"37":2},"fnMap":{"1":{"name":"constructor","line":66,"loc":{"start":{"line":66,"column":4},"end":{"line":72,"column":4}}},"2":{"name":"mint","line":81,"loc":{"start":{"line":81,"column":4},"end":{"line":143,"column":4}}},"3":{"name":"mintByOwner","line":148,"loc":{"start":{"line":148,"column":4},"end":{"line":160,"column":4}}},"4":{"name":"_mint","line":165,"loc":{"start":{"line":165,"column":4},"end":{"line":171,"column":4}}},"5":{"name":"_mintSingleNFT","line":176,"loc":{"start":{"line":176,"column":4},"end":{"line":187,"column":4}}},"6":{"name":"_getRandomTokenId","line":192,"loc":{"start":{"line":192,"column":4},"end":{"line":225,"column":4}}},"7":{"name":"_isTokenIdUsable","line":230,"loc":{"start":{"line":230,"column":4},"end":{"line":232,"column":4}}},"8":{"name":"calculatePricePerMint","line":237,"loc":{"start":{"line":237,"column":4},"end":{"line":239,"column":4}}},"9":{"name":"countRemainingTokens","line":244,"loc":{"start":{"line":244,"column":4},"end":{"line":250,"column":4}}},"10":{"name":"getCountMintablePerUser","line":255,"loc":{"start":{"line":255,"column":4},"end":{"line":271,"column":4}}},"11":{"name":"tokensOfOwner","line":276,"loc":{"start":{"line":276,"column":4},"end":{"line":285,"column":4}}},"12":{"name":"setMintAccessModeDefault","line":290,"loc":{"start":{"line":290,"column":4},"end":{"line":294,"column":4}}},"13":{"name":"setMintAccessModeWhitelist","line":299,"loc":{"start":{"line":299,"column":4},"end":{"line":307,"column":4}}},"14":{"name":"_updateMintingConfiguration","line":312,"loc":{"start":{"line":312,"column":4},"end":{"line":321,"column":4}}},"15":{"name":"_handleNFTPayment","line":330,"loc":{"start":{"line":330,"column":4},"end":{"line":332,"column":4}}},"16":{"name":"_transferToWallet","line":337,"loc":{"start":{"line":337,"column":4},"end":{"line":340,"column":4}}},"17":{"name":"_calculatePercentage","line":349,"loc":{"start":{"line":349,"column":4},"end":{"line":351,"column":4}}},"18":{"name":"mintingNotPaused","line":356,"loc":{"start":{"line":356,"column":4},"end":{"line":359,"column":4}}},"19":{"name":"setMaxMintablePerUser","line":368,"loc":{"start":{"line":368,"column":4},"end":{"line":370,"column":4}}},"20":{"name":"isInWhitelist","line":375,"loc":{"start":{"line":375,"column":4},"end":{"line":377,"column":4}}},"21":{"name":"addToWhitelist","line":382,"loc":{"start":{"line":382,"column":4},"end":{"line":384,"column":4}}},"22":{"name":"removeFromWhitelist","line":389,"loc":{"start":{"line":389,"column":4},"end":{"line":391,"column":4}}},"23":{"name":"startNewWhitelist","line":397,"loc":{"start":{"line":397,"column":4},"end":{"line":399,"column":4}}},"24":{"name":"_baseURI","line":408,"loc":{"start":{"line":408,"column":4},"end":{"line":410,"column":4}}},"25":{"name":"getBaseURI","line":415,"loc":{"start":{"line":415,"column":4},"end":{"line":417,"column":4}}},"26":{"name":"setBaseURI","line":422,"loc":{"start":{"line":422,"column":4},"end":{"line":424,"column":4}}},"27":{"name":"setMainWallet","line":429,"loc":{"start":{"line":429,"column":4},"end":{"line":431,"column":4}}},"28":{"name":"_setMaxSupply","line":436,"loc":{"start":{"line":436,"column":4},"end":{"line":440,"column":4}}},"29":{"name":"setPrice","line":449,"loc":{"start":{"line":449,"column":4},"end":{"line":451,"column":4}}},"30":{"name":"setMaxCountPerMint","line":456,"loc":{"start":{"line":456,"column":4},"end":{"line":458,"column":4}}},"31":{"name":"setPauseAfterMintingTokenCount","line":463,"loc":{"start":{"line":463,"column":4},"end":{"line":465,"column":4}}},"32":{"name":"isMintingPaused","line":470,"loc":{"start":{"line":470,"column":4},"end":{"line":472,"column":4}}},"33":{"name":"pauseMinting","line":477,"loc":{"start":{"line":477,"column":4},"end":{"line":479,"column":4}}},"34":{"name":"unpauseMinting","line":484,"loc":{"start":{"line":484,"column":4},"end":{"line":486,"column":4}}},"35":{"name":"isMintAccessModeDefault","line":491,"loc":{"start":{"line":491,"column":4},"end":{"line":493,"column":4}}},"36":{"name":"isMintAccessModeWhitelist","line":498,"loc":{"start":{"line":498,"column":4},"end":{"line":500,"column":4}}},"37":{"name":"getInfo","line":509,"loc":{"start":{"line":509,"column":4},"end":{"line":519,"column":4}}}},"statementMap":{"1":{"start":{"line":67,"column":8},"end":{"line":67,"column":33}},"2":{"start":{"line":68,"column":8},"end":{"line":68,"column":32}},"3":{"start":{"line":70,"column":8},"end":{"line":70,"column":23}},"4":{"start":{"line":71,"column":8},"end":{"line":71,"column":54}},"5":{"start":{"line":82,"column":8},"end":{"line":82,"column":35}},"6":{"start":{"line":83,"column":8},"end":{"line":83,"column":49}},"7":{"start":{"line":85,"column":8},"end":{"line":85,"column":49}},"8":{"start":{"line":88,"column":8},"end":{"line":88,"column":83}},"9":{"start":{"line":91,"column":8},"end":{"line":91,"column":83}},"10":{"start":{"line":92,"column":8},"end":{"line":92,"column":115}},"11":{"start":{"line":95,"column":8},"end":{"line":95,"column":3591}},"12":{"start":{"line":96,"column":12},"end":{"line":96,"column":126}},"13":{"start":{"line":100,"column":8},"end":{"line":100,"column":70}},"14":{"start":{"line":102,"column":8},"end":{"line":102,"column":3946}},"15":{"start":{"line":103,"column":12},"end":{"line":103,"column":99}},"16":{"start":{"line":107,"column":8},"end":{"line":107,"column":4136}},"17":{"start":{"line":108,"column":12},"end":{"line":108,"column":69}},"18":{"start":{"line":111,"column":12},"end":{"line":111,"column":62}},"19":{"start":{"line":117,"column":8},"end":{"line":117,"column":59}},"20":{"start":{"line":118,"column":8},"end":{"line":118,"column":91}},"21":{"start":{"line":123,"column":8},"end":{"line":123,"column":37}},"22":{"start":{"line":128,"column":8},"end":{"line":128,"column":57}},"23":{"start":{"line":130,"column":8},"end":{"line":130,"column":4870}},"24":{"start":{"line":131,"column":12},"end":{"line":131,"column":62}},"25":{"start":{"line":137,"column":8},"end":{"line":137,"column":28}},"26":{"start":{"line":140,"column":8},"end":{"line":140,"column":5125}},"27":{"start":{"line":141,"column":12},"end":{"line":141,"column":25}},"28":{"start":{"line":149,"column":8},"end":{"line":149,"column":49}},"29":{"start":{"line":151,"column":8},"end":{"line":151,"column":5488}},"30":{"start":{"line":152,"column":12},"end":{"line":152,"column":27}},"31":{"start":{"line":155,"column":8},"end":{"line":155,"column":31}},"32":{"start":{"line":157,"column":8},"end":{"line":157,"column":5596}},"33":{"start":{"line":158,"column":12},"end":{"line":158,"column":25}},"34":{"start":{"line":166,"column":8},"end":{"line":166,"column":49}},"35":{"start":{"line":168,"column":8},"end":{"line":168,"column":5836}},"36":{"start":{"line":169,"column":12},"end":{"line":169,"column":36}},"37":{"start":{"line":178,"column":8},"end":{"line":178,"column":67}},"38":{"start":{"line":181,"column":8},"end":{"line":181,"column":46}},"39":{"start":{"line":182,"column":8},"end":{"line":182,"column":31}},"40":{"start":{"line":183,"column":8},"end":{"line":183,"column":38}},"41":{"start":{"line":193,"column":8},"end":{"line":193,"column":6447}},"42":{"start":{"line":205,"column":8},"end":{"line":205,"column":6804}},"43":{"start":{"line":206,"column":12},"end":{"line":206,"column":33}},"44":{"start":{"line":210,"column":8},"end":{"line":210,"column":6929}},"45":{"start":{"line":211,"column":12},"end":{"line":211,"column":7002}},"46":{"start":{"line":212,"column":16},"end":{"line":212,"column":24}},"47":{"start":{"line":217,"column":8},"end":{"line":217,"column":7114}},"48":{"start":{"line":218,"column":12},"end":{"line":218,"column":7180}},"49":{"start":{"line":219,"column":16},"end":{"line":219,"column":24}},"50":{"start":{"line":223,"column":8},"end":{"line":223,"column":57}},"51":{"start":{"line":224,"column":8},"end":{"line":224,"column":16}},"52":{"start":{"line":231,"column":8},"end":{"line":231,"column":46}},"53":{"start":{"line":238,"column":8},"end":{"line":238,"column":32}},"54":{"start":{"line":245,"column":8},"end":{"line":245,"column":7907}},"55":{"start":{"line":246,"column":12},"end":{"line":246,"column":69}},"56":{"start":{"line":249,"column":8},"end":{"line":249,"column":38}},"57":{"start":{"line":256,"column":8},"end":{"line":256,"column":8337}},"58":{"start":{"line":257,"column":12},"end":{"line":257,"column":37}},"59":{"start":{"line":260,"column":8},"end":{"line":260,"column":8425}},"60":{"start":{"line":261,"column":12},"end":{"line":261,"column":96}},"61":{"start":{"line":264,"column":8},"end":{"line":264,"column":69}},"62":{"start":{"line":266,"column":8},"end":{"line":266,"column":8649}},"63":{"start":{"line":267,"column":12},"end":{"line":267,"column":20}},"64":{"start":{"line":270,"column":8},"end":{"line":270,"column":21}},"65":{"start":{"line":277,"column":8},"end":{"line":277,"column":43}},"66":{"start":{"line":278,"column":8},"end":{"line":278,"column":58}},"67":{"start":{"line":280,"column":8},"end":{"line":280,"column":8998}},"68":{"start":{"line":281,"column":12},"end":{"line":281,"column":55}},"69":{"start":{"line":284,"column":8},"end":{"line":284,"column":23}},"70":{"start":{"line":291,"column":8},"end":{"line":291,"column":46}},"71":{"start":{"line":293,"column":8},"end":{"line":293,"column":110}},"72":{"start":{"line":300,"column":8},"end":{"line":300,"column":48}},"73":{"start":{"line":302,"column":8},"end":{"line":302,"column":110}},"74":{"start":{"line":304,"column":8},"end":{"line":304,"column":9876}},"75":{"start":{"line":305,"column":12},"end":{"line":305,"column":30}},"76":{"start":{"line":313,"column":8},"end":{"line":313,"column":21}},"77":{"start":{"line":314,"column":8},"end":{"line":314,"column":47}},"78":{"start":{"line":315,"column":8},"end":{"line":315,"column":65}},"79":{"start":{"line":318,"column":8},"end":{"line":318,"column":10316}},"80":{"start":{"line":319,"column":12},"end":{"line":319,"column":27}},"81":{"start":{"line":331,"column":8},"end":{"line":331,"column":45}},"82":{"start":{"line":338,"column":8},"end":{"line":338,"column":60}},"83":{"start":{"line":339,"column":8},"end":{"line":339,"column":43}},"84":{"start":{"line":350,"column":8},"end":{"line":350,"column":42}},"85":{"start":{"line":357,"column":8},"end":{"line":357,"column":56}},"86":{"start":{"line":369,"column":8},"end":{"line":369,"column":34}},"87":{"start":{"line":376,"column":8},"end":{"line":376,"column":55}},"88":{"start":{"line":383,"column":8},"end":{"line":383,"column":39}},"89":{"start":{"line":390,"column":8},"end":{"line":390,"column":42}},"90":{"start":{"line":398,"column":8},"end":{"line":398,"column":34}},"91":{"start":{"line":409,"column":8},"end":{"line":409,"column":27}},"92":{"start":{"line":416,"column":8},"end":{"line":416,"column":27}},"93":{"start":{"line":423,"column":8},"end":{"line":423,"column":35}},"94":{"start":{"line":430,"column":8},"end":{"line":430,"column":28}},"95":{"start":{"line":439,"column":8},"end":{"line":439,"column":26}},"96":{"start":{"line":450,"column":8},"end":{"line":450,"column":22}},"97":{"start":{"line":457,"column":8},"end":{"line":457,"column":32}},"98":{"start":{"line":464,"column":8},"end":{"line":464,"column":43}},"99":{"start":{"line":471,"column":8},"end":{"line":471,"column":28}},"100":{"start":{"line":478,"column":8},"end":{"line":478,"column":27}},"101":{"start":{"line":485,"column":8},"end":{"line":485,"column":28}},"102":{"start":{"line":492,"column":8},"end":{"line":492,"column":55}},"103":{"start":{"line":499,"column":8},"end":{"line":499,"column":57}},"104":{"start":{"line":510,"column":8},"end":{"line":510,"column":15769}}},"branchMap":{"1":{"line":85,"type":"if","locations":[{"start":{"line":85,"column":8},"end":{"line":85,"column":8}},{"start":{"line":85,"column":8},"end":{"line":85,"column":8}}]},"2":{"line":88,"type":"if","locations":[{"start":{"line":88,"column":8},"end":{"line":88,"column":8}},{"start":{"line":88,"column":8},"end":{"line":88,"column":8}}]},"3":{"line":91,"type":"if","locations":[{"start":{"line":91,"column":8},"end":{"line":91,"column":8}},{"start":{"line":91,"column":8},"end":{"line":91,"column":8}}]},"4":{"line":92,"type":"if","locations":[{"start":{"line":92,"column":8},"end":{"line":92,"column":8}},{"start":{"line":92,"column":8},"end":{"line":92,"column":8}}]},"5":{"line":95,"type":"if","locations":[{"start":{"line":95,"column":8},"end":{"line":95,"column":8}},{"start":{"line":95,"column":8},"end":{"line":95,"column":8}}]},"6":{"line":96,"type":"if","locations":[{"start":{"line":96,"column":12},"end":{"line":96,"column":12}},{"start":{"line":96,"column":12},"end":{"line":96,"column":12}}]},"7":{"line":102,"type":"if","locations":[{"start":{"line":102,"column":8},"end":{"line":102,"column":8}},{"start":{"line":102,"column":8},"end":{"line":102,"column":8}}]},"8":{"line":103,"type":"if","locations":[{"start":{"line":103,"column":12},"end":{"line":103,"column":12}},{"start":{"line":103,"column":12},"end":{"line":103,"column":12}}]},"9":{"line":107,"type":"if","locations":[{"start":{"line":107,"column":8},"end":{"line":107,"column":8}},{"start":{"line":107,"column":8},"end":{"line":107,"column":8}}]},"10":{"line":108,"type":"if","locations":[{"start":{"line":108,"column":12},"end":{"line":108,"column":12}},{"start":{"line":108,"column":12},"end":{"line":108,"column":12}}]},"11":{"line":118,"type":"if","locations":[{"start":{"line":118,"column":8},"end":{"line":118,"column":8}},{"start":{"line":118,"column":8},"end":{"line":118,"column":8}}]},"12":{"line":130,"type":"if","locations":[{"start":{"line":130,"column":8},"end":{"line":130,"column":8}},{"start":{"line":130,"column":8},"end":{"line":130,"column":8}}]},"13":{"line":140,"type":"if","locations":[{"start":{"line":140,"column":8},"end":{"line":140,"column":8}},{"start":{"line":140,"column":8},"end":{"line":140,"column":8}}]},"14":{"line":151,"type":"if","locations":[{"start":{"line":151,"column":8},"end":{"line":151,"column":8}},{"start":{"line":151,"column":8},"end":{"line":151,"column":8}}]},"15":{"line":157,"type":"if","locations":[{"start":{"line":157,"column":8},"end":{"line":157,"column":8}},{"start":{"line":157,"column":8},"end":{"line":157,"column":8}}]},"16":{"line":166,"type":"if","locations":[{"start":{"line":166,"column":8},"end":{"line":166,"column":8}},{"start":{"line":166,"column":8},"end":{"line":166,"column":8}}]},"17":{"line":178,"type":"if","locations":[{"start":{"line":178,"column":8},"end":{"line":178,"column":8}},{"start":{"line":178,"column":8},"end":{"line":178,"column":8}}]},"18":{"line":205,"type":"if","locations":[{"start":{"line":205,"column":8},"end":{"line":205,"column":8}},{"start":{"line":205,"column":8},"end":{"line":205,"column":8}}]},"19":{"line":211,"type":"if","locations":[{"start":{"line":211,"column":12},"end":{"line":211,"column":12}},{"start":{"line":211,"column":12},"end":{"line":211,"column":12}}]},"20":{"line":218,"type":"if","locations":[{"start":{"line":218,"column":12},"end":{"line":218,"column":12}},{"start":{"line":218,"column":12},"end":{"line":218,"column":12}}]},"21":{"line":223,"type":"if","locations":[{"start":{"line":223,"column":8},"end":{"line":223,"column":8}},{"start":{"line":223,"column":8},"end":{"line":223,"column":8}}]},"22":{"line":245,"type":"if","locations":[{"start":{"line":245,"column":8},"end":{"line":245,"column":8}},{"start":{"line":245,"column":8},"end":{"line":245,"column":8}}]},"23":{"line":256,"type":"if","locations":[{"start":{"line":256,"column":8},"end":{"line":256,"column":8}},{"start":{"line":256,"column":8},"end":{"line":256,"column":8}}]},"24":{"line":260,"type":"if","locations":[{"start":{"line":260,"column":8},"end":{"line":260,"column":8}},{"start":{"line":260,"column":8},"end":{"line":260,"column":8}}]},"25":{"line":266,"type":"if","locations":[{"start":{"line":266,"column":8},"end":{"line":266,"column":8}},{"start":{"line":266,"column":8},"end":{"line":266,"column":8}}]},"26":{"line":304,"type":"if","locations":[{"start":{"line":304,"column":8},"end":{"line":304,"column":8}},{"start":{"line":304,"column":8},"end":{"line":304,"column":8}}]},"27":{"line":318,"type":"if","locations":[{"start":{"line":318,"column":8},"end":{"line":318,"column":8}},{"start":{"line":318,"column":8},"end":{"line":318,"column":8}}]},"28":{"line":339,"type":"if","locations":[{"start":{"line":339,"column":8},"end":{"line":339,"column":8}},{"start":{"line":339,"column":8},"end":{"line":339,"column":8}}]},"29":{"line":357,"type":"if","locations":[{"start":{"line":357,"column":8},"end":{"line":357,"column":8}},{"start":{"line":357,"column":8},"end":{"line":357,"column":8}}]}}},"contracts/WhitelistManager.sol":{"l":{"28":100,"35":3,"42":34,"49":15,"56":42,"63":9,"65":9,"66":9,"74":0,"76":0,"77":0},"path":"/Users/inmarelibero/www/nft-demo/contracts/WhitelistManager.sol","s":{"1":100,"2":34,"3":15,"4":42,"5":9,"6":9,"7":9,"8":0,"9":0,"10":0},"b":{},"f":{"1":100,"2":3,"3":34,"4":15,"5":42,"6":9,"7":0},"fnMap":{"1":{"name":"_getCurrentWhitelist","line":27,"loc":{"start":{"line":27,"column":4},"end":{"line":29,"column":4}}},"2":{"name":"startNew","line":34,"loc":{"start":{"line":34,"column":4},"end":{"line":36,"column":4}}},"3":{"name":"updateTokenBalance","line":41,"loc":{"start":{"line":41,"column":4},"end":{"line":43,"column":4}}},"4":{"name":"getTokenBalance","line":48,"loc":{"start":{"line":48,"column":4},"end":{"line":50,"column":4}}},"5":{"name":"isWhitelisted","line":55,"loc":{"start":{"line":55,"column":4},"end":{"line":57,"column":4}}},"6":{"name":"add","line":62,"loc":{"start":{"line":62,"column":4},"end":{"line":68,"column":4}}},"7":{"name":"remove","line":73,"loc":{"start":{"line":73,"column":4},"end":{"line":79,"column":4}}}},"statementMap":{"1":{"start":{"line":28,"column":8},"end":{"line":28,"column":48}},"2":{"start":{"line":42,"column":8},"end":{"line":42,"column":63}},"3":{"start":{"line":49,"column":8},"end":{"line":49,"column":61}},"4":{"start":{"line":56,"column":8},"end":{"line":56,"column":66}},"5":{"start":{"line":63,"column":8},"end":{"line":63,"column":42}},"6":{"start":{"line":65,"column":8},"end":{"line":65,"column":1687}},"7":{"start":{"line":66,"column":12},"end":{"line":66,"column":62}},"8":{"start":{"line":74,"column":8},"end":{"line":74,"column":42}},"9":{"start":{"line":76,"column":8},"end":{"line":76,"column":1943}},"10":{"start":{"line":77,"column":12},"end":{"line":77,"column":65}}},"branchMap":{}}}