TN:
SF:/Users/inmarelibero/www/nft-demo/contracts/NFT.sol
FN:66,constructor
FN:81,mint
FN:148,mintByOwner
FN:165,_mint
FN:176,_mintSingleNFT
FN:192,_getRandomTokenId
FN:230,_isTokenIdUsable
FN:237,calculatePricePerMint
FN:244,countRemainingTokens
FN:255,getCountMintablePerUser
FN:276,tokensOfOwner
FN:290,setMintAccessModeDefault
FN:299,setMintAccessModeWhitelist
FN:312,_updateMintingConfiguration
FN:330,_handleNFTPayment
FN:337,_transferToWallet
FN:349,_calculatePercentage
FN:356,mintingNotPaused
FN:368,setMaxMintablePerUser
FN:375,isInWhitelist
FN:382,addToWhitelist
FN:389,removeFromWhitelist
FN:397,startNewWhitelist
FN:408,_baseURI
FN:415,getBaseURI
FN:422,setBaseURI
FN:429,setMainWallet
FN:436,_setMaxSupply
FN:449,setPrice
FN:456,setMaxCountPerMint
FN:463,setPauseAfterMintingTokenCount
FN:470,isMintingPaused
FN:477,pauseMinting
FN:484,unpauseMinting
FN:491,isMintAccessModeDefault
FN:498,isMintAccessModeWhitelist
FN:509,getInfo
FNF:37
FNH:30
FNDA:48,constructor
FNDA:142,mint
FNDA:7,mintByOwner
FNDA:135,_mint
FNDA:172,_mintSingleNFT
FNDA:171,_getRandomTokenId
FNDA:1757,_isTokenIdUsable
FNDA:128,calculatePricePerMint
FNDA:275,countRemainingTokens
FNDA:138,getCountMintablePerUser
FNDA:1,tokensOfOwner
FNDA:55,setMintAccessModeDefault
FNDA:9,setMintAccessModeWhitelist
FNDA:64,_updateMintingConfiguration
FNDA:128,_handleNFTPayment
FNDA:128,_transferToWallet
FNDA:0,_calculatePercentage
FNDA:172,mintingNotPaused
FNDA:1,setMaxMintablePerUser
FNDA:42,isInWhitelist
FNDA:9,addToWhitelist
FNDA:0,removeFromWhitelist
FNDA:3,startNewWhitelist
FNDA:0,_baseURI
FNDA:0,getBaseURI
FNDA:0,setBaseURI
FNDA:48,setMainWallet
FNDA:48,_setMaxSupply
FNDA:2,setPrice
FNDA:0,setMaxCountPerMint
FNDA:0,setPauseAfterMintingTokenCount
FNDA:209,isMintingPaused
FNDA:13,pauseMinting
FNDA:74,unpauseMinting
FNDA:2,isMintAccessModeDefault
FNDA:153,isMintAccessModeWhitelist
FNDA:2,getInfo
DA:67,48
DA:68,48
DA:70,48
DA:71,48
DA:82,142
DA:83,142
DA:85,142
DA:88,141
DA:91,140
DA:92,133
DA:95,133
DA:96,110
DA:100,133
DA:102,133
DA:103,16
DA:107,131
DA:108,37
DA:111,34
DA:117,128
DA:118,128
DA:123,128
DA:128,128
DA:130,128
DA:131,0
DA:137,128
DA:140,128
DA:141,8
DA:149,7
DA:151,7
DA:152,6
DA:155,7
DA:157,6
DA:158,5
DA:166,135
DA:168,135
DA:169,172
DA:178,172
DA:181,171
DA:182,171
DA:183,171
DA:186,171
DA:193,171
DA:205,171
DA:206,107
DA:210,64
DA:211,953
DA:212,35
DA:217,29
DA:218,633
DA:219,29
DA:223,0
DA:224,0
DA:231,1757
DA:238,128
DA:245,275
DA:246,223
DA:249,52
DA:256,138
DA:257,118
DA:260,20
DA:261,15
DA:264,5
DA:266,5
DA:267,0
DA:270,5
DA:277,1
DA:278,1
DA:280,1
DA:281,12
DA:284,1
DA:291,55
DA:293,55
DA:300,9
DA:302,9
DA:304,9
DA:305,2
DA:313,64
DA:314,64
DA:315,64
DA:318,64
DA:319,4
DA:331,128
DA:338,128
DA:339,128
DA:350,0
DA:357,172
DA:358,172
DA:369,1
DA:376,42
DA:383,9
DA:390,0
DA:398,3
DA:409,0
DA:416,0
DA:423,0
DA:430,48
DA:439,48
DA:450,2
DA:457,0
DA:464,0
DA:471,209
DA:478,13
DA:485,74
DA:492,2
DA:499,153
DA:510,2
LF:106
LH:95
BRDA:85,1,0,141
BRDA:85,1,1,1
BRDA:88,2,0,140
BRDA:88,2,1,1
BRDA:91,3,0,133
BRDA:91,3,1,7
BRDA:92,4,0,133
BRDA:92,4,1,0
BRDA:95,5,0,110
BRDA:95,5,1,23
BRDA:96,6,0,110
BRDA:96,6,1,0
BRDA:102,7,0,16
BRDA:102,7,1,117
BRDA:103,8,0,14
BRDA:103,8,1,2
BRDA:107,9,0,37
BRDA:107,9,1,94
BRDA:108,10,0,34
BRDA:108,10,1,3
BRDA:118,11,0,128
BRDA:118,11,1,0
BRDA:130,12,0,0
BRDA:130,12,1,128
BRDA:140,13,0,8
BRDA:140,13,1,120
BRDA:151,14,0,6
BRDA:151,14,1,1
BRDA:157,15,0,5
BRDA:157,15,1,1
BRDA:166,16,0,135
BRDA:166,16,1,0
BRDA:178,17,0,171
BRDA:178,17,1,1
BRDA:205,18,0,107
BRDA:205,18,1,64
BRDA:211,19,0,35
BRDA:211,19,1,918
BRDA:218,20,0,29
BRDA:218,20,1,604
BRDA:223,21,0,0
BRDA:223,21,1,0
BRDA:245,22,0,223
BRDA:245,22,1,52
BRDA:256,23,0,118
BRDA:256,23,1,20
BRDA:260,24,0,15
BRDA:260,24,1,5
BRDA:266,25,0,0
BRDA:266,25,1,5
BRDA:304,26,0,2
BRDA:304,26,1,7
BRDA:318,27,0,4
BRDA:318,27,1,60
BRDA:339,28,0,128
BRDA:339,28,1,0
BRDA:357,29,0,172
BRDA:357,29,1,0
BRF:58
BRH:48
end_of_record
TN:
SF:/Users/inmarelibero/www/nft-demo/contracts/WhitelistManager.sol
FN:27,_getCurrentWhitelist
FN:34,startNew
FN:41,updateTokenBalance
FN:48,getTokenBalance
FN:55,isWhitelisted
FN:62,add
FN:73,remove
FNF:7
FNH:6
FNDA:100,_getCurrentWhitelist
FNDA:3,startNew
FNDA:34,updateTokenBalance
FNDA:15,getTokenBalance
FNDA:42,isWhitelisted
FNDA:9,add
FNDA:0,remove
DA:28,100
DA:35,3
DA:42,34
DA:49,15
DA:56,42
DA:63,9
DA:65,9
DA:66,9
DA:74,0
DA:76,0
DA:77,0
LF:11
LH:8
BRF:0
BRH:0
end_of_record
